<?xml version="1.0" encoding="UTF-8"?>
<testsuite name="EncryptDecryptTest" tests="1" skipped="0" failures="0" errors="0" timestamp="2020-05-25T13:22:15" hostname="DESKTOP-17V4FVN" time="0.135">
  <properties/>
  <testcase name="start" classname="EncryptDecryptTest" time="0.135"/>
  <system-out><![CDATA[?[1;31m
Start test 1?[0m
> enc
> Welcome to hyperskill!
> 5
\jqhtrj%yt%m~ujwxpnqq&
?[1;31m
Start test 2?[0m
> enc
> Hello
> 0
Hello
?[1;31m
Start test 3?[0m
> enc
> 012345678
> 1
123456789
?[1;31m
Start test 4?[0m
> dec
> \jqhtrj%yt%m~ujwxpnqq&
> 5
Welcome to hyperskill!
?[1;31m
Start test 5?[0m
> dec
> Hello
> 0
Hello
?[1;31m
Start test 6?[0m
> dec
> 222233334444
> 1
111122223333
]]></system-out>
  <system-err><![CDATA[]]></system-err>
</testsuite>
