<?xml version="1.0" encoding="UTF-8"?>
<testsuite name="EncryptDecryptTest" tests="1" skipped="0" failures="0" errors="0" timestamp="2020-05-25T15:46:56" hostname="DESKTOP-17V4FVN" time="0.158">
  <properties/>
  <testcase name="start" classname="EncryptDecryptTest" time="0.158"/>
  <system-out><![CDATA[?[1;31m
Start test 1?[0m
?[1;31m
Start test 2?[0m
?[1;31m
Start test 3?[0m
?[1;31m
Start test 4?[0m
?[1;31m
Start test 5?[0m
?[1;31m
Start test 6?[0m
]]></system-out>
  <system-err><![CDATA[]]></system-err>
</testsuite>
